# JRE version: OpenJDK Runtime Environment (8.0_202-b03) (build 1.8.0_202-release-1483-b03)
# Java VM: OpenJDK 64-Bit Server VM (25.202-b03 mixed mode windows-amd64 compressed oops)
Heap:
 PSYoungGen      total 146944K, used 18037K [0x00000000f5580000, 0x0000000100000000, 0x0000000100000000)
  eden space 120832K, 0% used [0x00000000f5580000,0x00000000f5580000,0x00000000fcb80000)
  from space 26112K, 69% used [0x00000000fcb80000,0x00000000fdd1d4e0,0x00000000fe500000)
  to   space 27648K, 0% used [0x00000000fe500000,0x00000000fe500000,0x0000000100000000)
 ParOldGen       total 349696K, used 328839K [0x00000000e0000000, 0x00000000f5580000, 0x00000000f5580000)
  object space 349696K, 94% used [0x00000000e0000000,0x00000000f4121f08,0x00000000f5580000)
 Metaspace       used 126145K, capacity 134004K, committed 156760K, reserved 1183744K
  class space    used 15852K, capacity 17135K, committed 21632K, reserved 1048576K
GC Heap History (10 events):
Event: 19260.516 GC heap after
Heap after GC invocations=151 (full 6):
 PSYoungGen      total 145920K, used 13952K [0x00000000f5580000, 0x00000000fff00000, 0x0000000100000000)
  eden space 117760K, 0% used [0x00000000f5580000,0x00000000f5580000,0x00000000fc880000)
  from space 28160K, 49% used [0x00000000fc880000,0x00000000fd6200f0,0x00000000fe400000)
  to   space 27648K, 0% used [0x00000000fe400000,0x00000000fe400000,0x00000000fff00000)
 ParOldGen       total 349696K, used 309069K [0x00000000e0000000, 0x00000000f5580000, 0x00000000f5580000)
  object space 349696K, 88% used [0x00000000e0000000,0x00000000f2dd37a8,0x00000000f5580000)
 Metaspace       used 125726K, capacity 133230K, committed 156760K, reserved 1183744K
  class space    used 15781K, capacity 17006K, committed 21632K, reserved 1048576K
}
Event: 19261.306 GC heap before
{Heap before GC invocations=152 (full 6):
 PSYoungGen      total 145920K, used 131712K [0x00000000f5580000, 0x00000000fff00000, 0x0000000100000000)
  eden space 117760K, 100% used [0x00000000f5580000,0x00000000fc880000,0x00000000fc880000)
  from space 28160K, 49% used [0x00000000fc880000,0x00000000fd6200f0,0x00000000fe400000)
  to   space 27648K, 0% used [0x00000000fe400000,0x00000000fe400000,0x00000000fff00000)
 ParOldGen       total 349696K, used 309069K [0x00000000e0000000, 0x00000000f5580000, 0x00000000f5580000)
  object space 349696K, 88% used [0x00000000e0000000,0x00000000f2dd37a8,0x00000000f5580000)
 Metaspace       used 125742K, capacity 133230K, committed 156760K, reserved 1183744K
  class space    used 15781K, capacity 17006K, committed 21632K, reserved 1048576K
Event: 19261.448 GC heap after
Heap after GC invocations=152 (full 6):
 PSYoungGen      total 145920K, used 5488K [0x00000000f5580000, 0x00000000ffe80000, 0x0000000100000000)
  eden space 118784K, 0% used [0x00000000f5580000,0x00000000f5580000,0x00000000fc980000)
  from space 27136K, 20% used [0x00000000fe400000,0x00000000fe95c388,0x00000000ffe80000)
  to   space 27136K, 0% used [0x00000000fc980000,0x00000000fc980000,0x00000000fe400000)
 ParOldGen       total 349696K, used 322712K [0x00000000e0000000, 0x00000000f5580000, 0x00000000f5580000)
  object space 349696K, 92% used [0x00000000e0000000,0x00000000f3b26030,0x00000000f5580000)
 Metaspace       used 125742K, capacity 133230K, committed 156760K, reserved 1183744K
  class space    used 15781K, capacity 17006K, committed 21632K, reserved 1048576K
}
Event: 19276.786 GC heap before
{Heap before GC invocations=153 (full 6):
 PSYoungGen      total 145920K, used 124272K [0x00000000f5580000, 0x00000000ffe80000, 0x0000000100000000)
  eden space 118784K, 100% used [0x00000000f5580000,0x00000000fc980000,0x00000000fc980000)
  from space 27136K, 20% used [0x00000000fe400000,0x00000000fe95c388,0x00000000ffe80000)
  to   space 27136K, 0% used [0x00000000fc980000,0x00000000fc980000,0x00000000fe400000)
 ParOldGen       total 349696K, used 322712K [0x00000000e0000000, 0x00000000f5580000, 0x00000000f5580000)
  object space 349696K, 92% used [0x00000000e0000000,0x00000000f3b26030,0x00000000f5580000)
 Metaspace       used 125754K, capacity 133242K, committed 156760K, reserved 1183744K
  class space    used 15783K, capacity 17008K, committed 21632K, reserved 1048576K
Event: 19276.824 GC heap after
Heap after GC invocations=153 (full 6):
 PSYoungGen      total 145920K, used 4256K [0x00000000f5580000, 0x00000000fff00000, 0x0000000100000000)
  eden space 118784K, 0% used [0x00000000f5580000,0x00000000f5580000,0x00000000fc980000)
  from space 27136K, 15% used [0x00000000fc980000,0x00000000fcda8020,0x00000000fe400000)
  to   space 26624K, 0% used [0x00000000fe500000,0x00000000fe500000,0x00000000fff00000)
 ParOldGen       total 349696K, used 325288K [0x00000000e0000000, 0x00000000f5580000, 0x00000000f5580000)
  object space 349696K, 93% used [0x00000000e0000000,0x00000000f3daa000,0x00000000f5580000)
 Metaspace       used 125754K, capacity 133242K, committed 156760K, reserved 1183744K
  class space    used 15783K, capacity 17008K, committed 21632K, reserved 1048576K
}
Event: 19401.182 GC heap before
{Heap before GC invocations=154 (full 6):
 PSYoungGen      total 145920K, used 123040K [0x00000000f5580000, 0x00000000fff00000, 0x0000000100000000)
  eden space 118784K, 100% used [0x00000000f5580000,0x00000000fc980000,0x00000000fc980000)
  from space 27136K, 15% used [0x00000000fc980000,0x00000000fcda8020,0x00000000fe400000)
  to   space 26624K, 0% used [0x00000000fe500000,0x00000000fe500000,0x00000000fff00000)
 ParOldGen       total 349696K, used 325288K [0x00000000e0000000, 0x00000000f5580000, 0x00000000f5580000)
  object space 349696K, 93% used [0x00000000e0000000,0x00000000f3daa000,0x00000000f5580000)
 Metaspace       used 126025K, capacity 133716K, committed 156760K, reserved 1183744K
  class space    used 15826K, capacity 17087K, committed 21632K, reserved 1048576K
Event: 19401.215 GC heap after
Heap after GC invocations=154 (full 6):
 PSYoungGen      total 146944K, used 3616K [0x00000000f5580000, 0x00000000ffe80000, 0x0000000100000000)
  eden space 120832K, 0% used [0x00000000f5580000,0x00000000f5580000,0x00000000fcb80000)
  from space 26112K, 13% used [0x00000000fe500000,0x00000000fe888010,0x00000000ffe80000)
  to   space 26112K, 0% used [0x00000000fcb80000,0x00000000fcb80000,0x00000000fe500000)
 ParOldGen       total 349696K, used 325975K [0x00000000e0000000, 0x00000000f5580000, 0x00000000f5580000)
  object space 349696K, 93% used [0x00000000e0000000,0x00000000f3e55d58,0x00000000f5580000)
 Metaspace       used 126025K, capacity 133716K, committed 156760K, reserved 1183744K
  class space    used 15826K, capacity 17087K, committed 21632K, reserved 1048576K
}
Event: 19402.575 GC heap before
{Heap before GC invocations=155 (full 6):
 PSYoungGen      total 146944K, used 124448K [0x00000000f5580000, 0x00000000ffe80000, 0x0000000100000000)
  eden space 120832K, 100% used [0x00000000f5580000,0x00000000fcb80000,0x00000000fcb80000)
  from space 26112K, 13% used [0x00000000fe500000,0x00000000fe888010,0x00000000ffe80000)
  to   space 26112K, 0% used [0x00000000fcb80000,0x00000000fcb80000,0x00000000fe500000)
 ParOldGen       total 349696K, used 325975K [0x00000000e0000000, 0x00000000f5580000, 0x00000000f5580000)
  object space 349696K, 93% used [0x00000000e0000000,0x00000000f3e55d58,0x00000000f5580000)
 Metaspace       used 126145K, capacity 134004K, committed 156760K, reserved 1183744K
  class space    used 15852K, capacity 17135K, committed 21632K, reserved 1048576K
Event: 19402.636 GC heap after
Heap after GC invocations=155 (full 6):
 PSYoungGen      total 146944K, used 18037K [0x00000000f5580000, 0x0000000100000000, 0x0000000100000000)
  eden space 120832K, 0% used [0x00000000f5580000,0x00000000f5580000,0x00000000fcb80000)
  from space 26112K, 69% used [0x00000000fcb80000,0x00000000fdd1d4e0,0x00000000fe500000)
  to   space 27648K, 0% used [0x00000000fe500000,0x00000000fe500000,0x0000000100000000)
 ParOldGen       total 349696K, used 328839K [0x00000000e0000000, 0x00000000f5580000, 0x00000000f5580000)
  object space 349696K, 94% used [0x00000000e0000000,0x00000000f4121f08,0x00000000f5580000)
 Metaspace       used 126145K, capacity 134004K, committed 156760K, reserved 1183744K
  class space    used 15852K, capacity 17135K, committed 21632K, reserved 1048576K
}
Event: 19402.640 GC heap before
{Heap before GC invocations=156 (full 7):
 PSYoungGen      total 146944K, used 18037K [0x00000000f5580000, 0x0000000100000000, 0x0000000100000000)
  eden space 120832K, 0% used [0x00000000f5580000,0x00000000f5580000,0x00000000fcb80000)
  from space 26112K, 69% used [0x00000000fcb80000,0x00000000fdd1d4e0,0x00000000fe500000)
  to   space 27648K, 0% used [0x00000000fe500000,0x00000000fe500000,0x0000000100000000)
 ParOldGen       total 349696K, used 328839K [0x00000000e0000000, 0x00000000f5580000, 0x00000000f5580000)
  object space 349696K, 94% used [0x00000000e0000000,0x00000000f4121f08,0x00000000f5580000)
 Metaspace       used 126145K, capacity 134004K, committed 156760K, reserved 1183744K
  class space    used 15852K, capacity 17135K, committed 21632K, reserved 1048576K

